<?xml version="1.0" encoding="UTF-8"?>
<!-- Generated by org.testng.reporters.JUnitXMLReporter -->
<testsuite hostname="LAPTOP-5RVADTCV" ignored="0" name="JcPennyTest" tests="10" failures="1" timestamp="2020-08-25T13:30:00 CDT" time="37.59" errors="0">
  <testcase name="verifyHomePageTitle" time="0.756" classname="com.jcpenny.testcases.JcPennyTest"/>
  <testcase name="verifyLogo" time="0.981" classname="com.jcpenny.testcases.JcPennyTest"/>
  <testcase name="verifyLogoColor" time="0.14" classname="com.jcpenny.testcases.JcPennyTest"/>
  <testcase name="verifyLogoFontSize" time="0.117" classname="com.jcpenny.testcases.JcPennyTest"/>
  <testcase name="verifyLogoFontFamily" time="0.063" classname="com.jcpenny.testcases.JcPennyTest"/>
  <testcase name="navigateToHomeElectronicsPage" time="2.123" classname="com.jcpenny.testcases.JcPennyTest"/>
  <testcase name="navigateToKidsElectronicsPage" time="2.295" classname="com.jcpenny.testcases.JcPennyTest"/>
  <testcase name="SelectAProductAndVerify" time="4.207" classname="com.jcpenny.testcases.JcPennyTest"/>
  <testcase name="verifyProductInCart" time="13.225" classname="com.jcpenny.testcases.JcPennyTest"/>
  <testcase name="verifyCartAfterRemovingProduct" time="3.48" classname="com.jcpenny.testcases.JcPennyTest">
    <failure type="java.lang.AssertionError" message="expected [Start with an Cart, Finish in Style] but found [Start with an Empty Cart, Finish in Style]">
      <![CDATA[java.lang.AssertionError: expected [Start with an Cart, Finish in Style] but found [Start with an Empty Cart, Finish in Style]
at com.jcpenny.testcases.JcPennyTest.verifyCartAfterRemovingProduct(JcPennyTest.java:135)
at java.util.ArrayList.forEach(Unknown Source)
... Removed 32 stack frames]]>
    </failure>
  </testcase> <!-- verifyCartAfterRemovingProduct -->
</testsuite> <!-- JcPennyTest -->
