<?xml version="1.0" encoding="UTF-8"?>
<!-- Generated by org.testng.reporters.JUnitXMLReporter -->
<testsuite hostname="LAPTOP-5RVADTCV" ignored="0" name="JCPennyRegressionTest" tests="10" failures="1" timestamp="2020-08-25T17:00:33 CDT" time="45.075" errors="0">
  <testcase name="verifyHomePageTitle" time="2.786" classname="com.jcpenny.testcases.JcPennyTest"/>
  <testcase name="verifyLogo" time="0.227" classname="com.jcpenny.testcases.JcPennyTest"/>
  <testcase name="verifyLogoColor" time="0.11" classname="com.jcpenny.testcases.JcPennyTest"/>
  <testcase name="verifyLogoFontSize" time="0.031" classname="com.jcpenny.testcases.JcPennyTest"/>
  <testcase name="verifyLogoFontFamily" time="0.032" classname="com.jcpenny.testcases.JcPennyTest"/>
  <testcase name="navigateToHomeElectronicsPage" time="2.951" classname="com.jcpenny.testcases.JcPennyTest"/>
  <testcase name="navigateToKidsElectronicsPage" time="2.476" classname="com.jcpenny.testcases.JcPennyTest"/>
  <testcase name="SelectAProductAndVerify" time="4.751" classname="com.jcpenny.testcases.JcPennyTest"/>
  <testcase name="verifyProductInCart" time="15.497" classname="com.jcpenny.testcases.JcPennyTest"/>
  <testcase name="verifyCartAfterRemovingProduct" time="5.362" classname="com.jcpenny.testcases.JcPennyTest">
    <failure type="java.lang.AssertionError" message="expected [Start with an Empty Cart] but found [Start with an Empty Cart, Finish in Style]">
      <![CDATA[java.lang.AssertionError: expected [Start with an Empty Cart] but found [Start with an Empty Cart, Finish in Style]
at com.jcpenny.testcases.JcPennyTest.verifyCartAfterRemovingProduct(JcPennyTest.java:145)
at java.util.ArrayList.forEach(Unknown Source)
... Removed 32 stack frames]]>
    </failure>
  </testcase> <!-- verifyCartAfterRemovingProduct -->
</testsuite> <!-- JCPennyRegressionTest -->
