<?xml version="1.0" encoding="UTF-8"?>
<!-- Generated by org.testng.reporters.JUnitXMLReporter -->
<testsuite hostname="LAPTOP-5RVADTCV" ignored="0" name="JCPenneyRegressionTest" tests="10" failures="1" timestamp="2020-09-01T18:02:59 CDT" time="51.872" errors="0">
  <testcase name="verifyHomePageTitle" time="1.463" classname="com.jcpenney.testcases.JcPenneyTest"/>
  <testcase name="verifyLogo" time="1.122" classname="com.jcpenney.testcases.JcPenneyTest"/>
  <testcase name="verifyLogoColor" time="0.299" classname="com.jcpenney.testcases.JcPenneyTest"/>
  <testcase name="verifyLogoFontSize" time="0.113" classname="com.jcpenney.testcases.JcPenneyTest"/>
  <testcase name="verifyLogoFontFamily" time="0.044" classname="com.jcpenney.testcases.JcPenneyTest"/>
  <testcase name="navigateToHomeElectronicsPage" time="5.101" classname="com.jcpenney.testcases.JcPenneyTest"/>
  <testcase name="navigateToKidsElectronicsPage" time="4.454" classname="com.jcpenney.testcases.JcPenneyTest"/>
  <testcase name="SelectAProductAndVerify" time="5.056" classname="com.jcpenney.testcases.JcPenneyTest"/>
  <testcase name="verifyProductInCart" time="16.879" classname="com.jcpenney.testcases.JcPenneyTest"/>
  <testcase name="verifyCartAfterRemovingProduct" time="4.475" classname="com.jcpenney.testcases.JcPenneyTest">
    <failure type="java.lang.AssertionError" message="expected [Start with an Empty Cart] but found [Start with an Empty Cart, Finish in Style]">
      <![CDATA[java.lang.AssertionError: expected [Start with an Empty Cart] but found [Start with an Empty Cart, Finish in Style]
at com.jcpenney.testcases.JcPenneyTest.verifyCartAfterRemovingProduct(JcPenneyTest.java:146)
at java.util.ArrayList.forEach(Unknown Source)
... Removed 32 stack frames]]>
    </failure>
  </testcase> <!-- verifyCartAfterRemovingProduct -->
</testsuite> <!-- JCPenneyRegressionTest -->
