<?xml version="1.0" encoding="UTF-8"?>
<testng-results skipped="0" failed="1" ignored="0" total="10" passed="9">
  <reporter-output>
  </reporter-output>
  <suite name="com.jcpenny.testcases.JcPennyTest" duration-ms="49799" started-at="2020-08-25T20:18:36Z" finished-at="2020-08-25T20:19:25Z">
    <groups>
    </groups>
    <test name="Command line test" duration-ms="49799" started-at="2020-08-25T20:18:36Z" finished-at="2020-08-25T20:19:25Z">
      <class name="com.jcpenny.testcases.JcPennyTest">
        <test-method status="PASS" signature="beforeSuite()[pri:0, instance:com.jcpenny.testcases.JcPennyTest@6615435c]" name="beforeSuite" is-config="true" duration-ms="236" started-at="2020-08-25T20:18:35Z" finished-at="2020-08-25T20:18:36Z">
          <reporter-output>
          </reporter-output>
        </test-method> <!-- beforeSuite -->
        <test-method status="PASS" signature="setup()[pri:0, instance:com.jcpenny.testcases.JcPennyTest@6615435c]" name="setup" is-config="true" duration-ms="8007" started-at="2020-08-25T20:18:36Z" finished-at="2020-08-25T20:18:44Z">
          <reporter-output>
          </reporter-output>
        </test-method> <!-- setup -->
        <test-method status="PASS" signature="verifyHomePageTitle()[pri:1, instance:com.jcpenny.testcases.JcPennyTest@6615435c]" name="verifyHomePageTitle" duration-ms="1027" started-at="2020-08-25T20:18:44Z" finished-at="2020-08-25T20:18:45Z">
          <reporter-output>
          </reporter-output>
        </test-method> <!-- verifyHomePageTitle -->
        <test-method status="PASS" signature="verifyLogo()[pri:2, instance:com.jcpenny.testcases.JcPennyTest@6615435c]" name="verifyLogo" duration-ms="1635" started-at="2020-08-25T20:18:45Z" finished-at="2020-08-25T20:18:46Z">
          <reporter-output>
          </reporter-output>
        </test-method> <!-- verifyLogo -->
        <test-method status="PASS" signature="verifyLogoColor()[pri:3, instance:com.jcpenny.testcases.JcPennyTest@6615435c]" name="verifyLogoColor" duration-ms="252" started-at="2020-08-25T20:18:46Z" finished-at="2020-08-25T20:18:47Z">
          <reporter-output>
          </reporter-output>
        </test-method> <!-- verifyLogoColor -->
        <test-method status="PASS" signature="verifyLogoFontSize()[pri:4, instance:com.jcpenny.testcases.JcPennyTest@6615435c]" name="verifyLogoFontSize" duration-ms="139" started-at="2020-08-25T20:18:47Z" finished-at="2020-08-25T20:18:47Z">
          <reporter-output>
          </reporter-output>
        </test-method> <!-- verifyLogoFontSize -->
        <test-method status="PASS" signature="verifyLogoFontFamily()[pri:5, instance:com.jcpenny.testcases.JcPennyTest@6615435c]" name="verifyLogoFontFamily" duration-ms="57" started-at="2020-08-25T20:18:47Z" finished-at="2020-08-25T20:18:47Z">
          <reporter-output>
          </reporter-output>
        </test-method> <!-- verifyLogoFontFamily -->
        <test-method status="PASS" signature="navigateToHomeElectronicsPage()[pri:6, instance:com.jcpenny.testcases.JcPennyTest@6615435c]" name="navigateToHomeElectronicsPage" duration-ms="4004" started-at="2020-08-25T20:18:47Z" finished-at="2020-08-25T20:18:51Z">
          <reporter-output>
          </reporter-output>
        </test-method> <!-- navigateToHomeElectronicsPage -->
        <test-method status="PASS" signature="navigateToKidsElectronicsPage()[pri:7, instance:com.jcpenny.testcases.JcPennyTest@6615435c]" name="navigateToKidsElectronicsPage" duration-ms="3051" started-at="2020-08-25T20:18:51Z" finished-at="2020-08-25T20:18:54Z">
          <reporter-output>
          </reporter-output>
        </test-method> <!-- navigateToKidsElectronicsPage -->
        <test-method status="PASS" signature="SelectAProductAndVerify()[pri:8, instance:com.jcpenny.testcases.JcPennyTest@6615435c]" name="SelectAProductAndVerify" duration-ms="6160" started-at="2020-08-25T20:18:54Z" finished-at="2020-08-25T20:19:00Z">
          <reporter-output>
          </reporter-output>
        </test-method> <!-- SelectAProductAndVerify -->
        <test-method status="PASS" signature="verifyProductInCart()[pri:9, instance:com.jcpenny.testcases.JcPennyTest@6615435c]" name="verifyProductInCart" duration-ms="19715" started-at="2020-08-25T20:19:00Z" finished-at="2020-08-25T20:19:20Z">
          <reporter-output>
          </reporter-output>
        </test-method> <!-- verifyProductInCart -->
        <test-method status="FAIL" signature="verifyCartAfterRemovingProduct()[pri:10, instance:com.jcpenny.testcases.JcPennyTest@6615435c]" name="verifyCartAfterRemovingProduct" duration-ms="4570" started-at="2020-08-25T20:19:20Z" finished-at="2020-08-25T20:19:24Z">
          <exception class="java.lang.AssertionError">
            <message>
              <![CDATA[expected [Start with an Empty Cart] but found [Start with an Empty Cart, Finish in Style]]]>
            </message>
            <full-stacktrace>
              <![CDATA[java.lang.AssertionError: expected [Start with an Empty Cart] but found [Start with an Empty Cart, Finish in Style]
at org.testng.Assert.fail(Assert.java:96)
at org.testng.Assert.failNotEquals(Assert.java:776)
at org.testng.Assert.assertEqualsImpl(Assert.java:137)
at org.testng.Assert.assertEquals(Assert.java:118)
at org.testng.Assert.assertEquals(Assert.java:453)
at org.testng.Assert.assertEquals(Assert.java:463)
at com.jcpenny.testcases.JcPennyTest.verifyCartAfterRemovingProduct(JcPennyTest.java:135)
at sun.reflect.NativeMethodAccessorImpl.invoke0(Native Method)
at sun.reflect.NativeMethodAccessorImpl.invoke(NativeMethodAccessorImpl.java:62)
at sun.reflect.DelegatingMethodAccessorImpl.invoke(DelegatingMethodAccessorImpl.java:43)
at java.lang.reflect.Method.invoke(Method.java:498)
at org.testng.internal.MethodInvocationHelper.invokeMethod(MethodInvocationHelper.java:124)
at org.testng.internal.Invoker.invokeMethod(Invoker.java:583)
at org.testng.internal.Invoker.invokeTestMethod(Invoker.java:719)
at org.testng.internal.Invoker.invokeTestMethods(Invoker.java:989)
at org.testng.internal.TestMethodWorker.invokeTestMethods(TestMethodWorker.java:125)
at org.testng.internal.TestMethodWorker.run(TestMethodWorker.java:109)
at org.testng.TestRunner.privateRun(TestRunner.java:648)
at org.testng.TestRunner.run(TestRunner.java:505)
at org.testng.SuiteRunner.runTest(SuiteRunner.java:455)
at org.testng.SuiteRunner.runSequentially(SuiteRunner.java:450)
at org.testng.SuiteRunner.privateRun(SuiteRunner.java:415)
at org.testng.SuiteRunner.run(SuiteRunner.java:364)
at org.testng.SuiteRunnerWorker.runSuite(SuiteRunnerWorker.java:52)
at org.testng.SuiteRunnerWorker.run(SuiteRunnerWorker.java:84)
at org.testng.TestNG.runSuitesSequentially(TestNG.java:1208)
at org.testng.TestNG.runSuitesLocally(TestNG.java:1137)
at org.testng.TestNG.runSuites(TestNG.java:1049)
at org.testng.TestNG.run(TestNG.java:1017)
at org.apache.maven.surefire.testng.TestNGExecutor.run(TestNGExecutor.java:77)
at org.apache.maven.surefire.testng.TestNGDirectoryTestSuite.execute(TestNGDirectoryTestSuite.java:110)
at org.apache.maven.surefire.testng.TestNGProvider.invoke(TestNGProvider.java:106)
at sun.reflect.NativeMethodAccessorImpl.invoke0(Native Method)
at sun.reflect.NativeMethodAccessorImpl.invoke(NativeMethodAccessorImpl.java:62)
at sun.reflect.DelegatingMethodAccessorImpl.invoke(DelegatingMethodAccessorImpl.java:43)
at java.lang.reflect.Method.invoke(Method.java:498)
at org.apache.maven.surefire.util.ReflectionUtils.invokeMethodWithArray(ReflectionUtils.java:189)
at org.apache.maven.surefire.booter.ProviderFactory$ProviderProxy.invoke(ProviderFactory.java:165)
at org.apache.maven.surefire.booter.ProviderFactory.invokeProvider(ProviderFactory.java:85)
at org.apache.maven.surefire.booter.ForkedBooter.runSuitesInProcess(ForkedBooter.java:115)
at org.apache.maven.surefire.booter.ForkedBooter.main(ForkedBooter.java:75)
]]>
            </full-stacktrace>
          </exception> <!-- java.lang.AssertionError -->
          <reporter-output>
          </reporter-output>
        </test-method> <!-- verifyCartAfterRemovingProduct -->
        <test-method status="PASS" signature="teardown()[pri:0, instance:com.jcpenny.testcases.JcPennyTest@6615435c]" name="teardown" is-config="true" duration-ms="1135" started-at="2020-08-25T20:19:24Z" finished-at="2020-08-25T20:19:25Z">
          <reporter-output>
          </reporter-output>
        </test-method> <!-- teardown -->
        <test-method status="PASS" signature="afterSuite()[pri:0, instance:com.jcpenny.testcases.JcPennyTest@6615435c]" name="afterSuite" is-config="true" duration-ms="3" started-at="2020-08-25T20:19:25Z" finished-at="2020-08-25T20:19:25Z">
          <reporter-output>
          </reporter-output>
        </test-method> <!-- afterSuite -->
      </class> <!-- com.jcpenny.testcases.JcPennyTest -->
    </test> <!-- Command line test -->
  </suite> <!-- com.jcpenny.testcases.JcPennyTest -->
</testng-results>
