<?xml version="1.0" encoding="UTF-8"?>
<testng-results skipped="0" failed="1" ignored="0" total="10" passed="9">
  <reporter-output>
  </reporter-output>
  <suite name="JCPenneyTest" duration-ms="51872" started-at="2020-09-01T18:02:07 CDT" finished-at="2020-09-01T18:02:59 CDT">
    <groups>
    </groups>
    <test name="JCPenneyRegressionTest" duration-ms="51872" started-at="2020-09-01T18:02:07 CDT" finished-at="2020-09-01T18:02:59 CDT">
      <class name="com.jcpenney.testcases.JcPenneyTest">
        <test-method status="PASS" signature="beforeSuite()[pri:0, instance:com.jcpenney.testcases.JcPenneyTest@1f7030a6]" name="beforeSuite" is-config="true" duration-ms="248" started-at="2020-09-01T18:02:07 CDT" finished-at="2020-09-01T18:02:07 CDT">
          <reporter-output>
          </reporter-output>
        </test-method> <!-- beforeSuite -->
        <test-method status="PASS" signature="setup()[pri:0, instance:com.jcpenney.testcases.JcPenneyTest@1f7030a6]" name="setup" is-config="true" duration-ms="10632" started-at="2020-09-01T18:02:07 CDT" finished-at="2020-09-01T18:02:18 CDT">
          <reporter-output>
          </reporter-output>
        </test-method> <!-- setup -->
        <test-method status="PASS" signature="verifyHomePageTitle()[pri:1, instance:com.jcpenney.testcases.JcPenneyTest@1f7030a6]" name="verifyHomePageTitle" duration-ms="1463" started-at="2020-09-01T18:02:18 CDT" finished-at="2020-09-01T18:02:19 CDT">
          <reporter-output>
          </reporter-output>
        </test-method> <!-- verifyHomePageTitle -->
        <test-method status="PASS" signature="verifyLogo()[pri:2, instance:com.jcpenney.testcases.JcPenneyTest@1f7030a6]" name="verifyLogo" duration-ms="1122" started-at="2020-09-01T18:02:19 CDT" finished-at="2020-09-01T18:02:20 CDT">
          <reporter-output>
          </reporter-output>
        </test-method> <!-- verifyLogo -->
        <test-method status="PASS" signature="verifyLogoColor()[pri:3, instance:com.jcpenney.testcases.JcPenneyTest@1f7030a6]" name="verifyLogoColor" duration-ms="299" started-at="2020-09-01T18:02:20 CDT" finished-at="2020-09-01T18:02:21 CDT">
          <reporter-output>
          </reporter-output>
        </test-method> <!-- verifyLogoColor -->
        <test-method status="PASS" signature="verifyLogoFontSize()[pri:4, instance:com.jcpenney.testcases.JcPenneyTest@1f7030a6]" name="verifyLogoFontSize" duration-ms="113" started-at="2020-09-01T18:02:21 CDT" finished-at="2020-09-01T18:02:21 CDT">
          <reporter-output>
          </reporter-output>
        </test-method> <!-- verifyLogoFontSize -->
        <test-method status="PASS" signature="verifyLogoFontFamily()[pri:5, instance:com.jcpenney.testcases.JcPenneyTest@1f7030a6]" name="verifyLogoFontFamily" duration-ms="44" started-at="2020-09-01T18:02:21 CDT" finished-at="2020-09-01T18:02:21 CDT">
          <reporter-output>
          </reporter-output>
        </test-method> <!-- verifyLogoFontFamily -->
        <test-method status="PASS" signature="navigateToHomeElectronicsPage()[pri:6, instance:com.jcpenney.testcases.JcPenneyTest@1f7030a6]" name="navigateToHomeElectronicsPage" duration-ms="5101" started-at="2020-09-01T18:02:21 CDT" finished-at="2020-09-01T18:02:26 CDT">
          <reporter-output>
          </reporter-output>
        </test-method> <!-- navigateToHomeElectronicsPage -->
        <test-method status="PASS" signature="navigateToKidsElectronicsPage()[pri:7, instance:com.jcpenney.testcases.JcPenneyTest@1f7030a6]" name="navigateToKidsElectronicsPage" duration-ms="4454" started-at="2020-09-01T18:02:26 CDT" finished-at="2020-09-01T18:02:30 CDT">
          <reporter-output>
          </reporter-output>
        </test-method> <!-- navigateToKidsElectronicsPage -->
        <test-method status="PASS" signature="SelectAProductAndVerify()[pri:8, instance:com.jcpenney.testcases.JcPenneyTest@1f7030a6]" name="SelectAProductAndVerify" duration-ms="5056" started-at="2020-09-01T18:02:30 CDT" finished-at="2020-09-01T18:02:35 CDT">
          <reporter-output>
          </reporter-output>
        </test-method> <!-- SelectAProductAndVerify -->
        <test-method status="PASS" signature="verifyProductInCart()[pri:9, instance:com.jcpenney.testcases.JcPenneyTest@1f7030a6]" name="verifyProductInCart" duration-ms="16879" started-at="2020-09-01T18:02:35 CDT" finished-at="2020-09-01T18:02:52 CDT">
          <reporter-output>
          </reporter-output>
        </test-method> <!-- verifyProductInCart -->
        <test-method status="FAIL" signature="verifyCartAfterRemovingProduct()[pri:10, instance:com.jcpenney.testcases.JcPenneyTest@1f7030a6]" name="verifyCartAfterRemovingProduct" duration-ms="4475" started-at="2020-09-01T18:02:52 CDT" finished-at="2020-09-01T18:02:57 CDT">
          <exception class="java.lang.AssertionError">
            <message>
              <![CDATA[expected [Start with an Empty Cart] but found [Start with an Empty Cart, Finish in Style]]]>
            </message>
            <full-stacktrace>
              <![CDATA[java.lang.AssertionError: expected [Start with an Empty Cart] but found [Start with an Empty Cart, Finish in Style]
at org.testng.Assert.fail(Assert.java:97)
at org.testng.Assert.assertEqualsImpl(Assert.java:136)
at org.testng.Assert.assertEquals(Assert.java:118)
at org.testng.Assert.assertEquals(Assert.java:575)
at org.testng.Assert.assertEquals(Assert.java:585)
at com.jcpenney.testcases.JcPenneyTest.verifyCartAfterRemovingProduct(JcPenneyTest.java:146)
at sun.reflect.NativeMethodAccessorImpl.invoke0(Native Method)
at sun.reflect.NativeMethodAccessorImpl.invoke(Unknown Source)
at sun.reflect.DelegatingMethodAccessorImpl.invoke(Unknown Source)
at java.lang.reflect.Method.invoke(Unknown Source)
at org.testng.internal.MethodInvocationHelper.invokeMethod(MethodInvocationHelper.java:133)
at org.testng.internal.TestInvoker.invokeMethod(TestInvoker.java:584)
at org.testng.internal.TestInvoker.invokeTestMethod(TestInvoker.java:172)
at org.testng.internal.MethodRunner.runInSequence(MethodRunner.java:46)
at org.testng.internal.TestInvoker$MethodInvocationAgent.invoke(TestInvoker.java:804)
at org.testng.internal.TestInvoker.invokeTestMethods(TestInvoker.java:145)
at org.testng.internal.TestMethodWorker.invokeTestMethods(TestMethodWorker.java:146)
at org.testng.internal.TestMethodWorker.run(TestMethodWorker.java:128)
at java.util.ArrayList.forEach(Unknown Source)
at org.testng.TestRunner.privateRun(TestRunner.java:770)
at org.testng.TestRunner.run(TestRunner.java:591)
at org.testng.SuiteRunner.runTest(SuiteRunner.java:402)
at org.testng.SuiteRunner.runSequentially(SuiteRunner.java:396)
at org.testng.SuiteRunner.privateRun(SuiteRunner.java:355)
at org.testng.SuiteRunner.run(SuiteRunner.java:304)
at org.testng.SuiteRunnerWorker.runSuite(SuiteRunnerWorker.java:53)
at org.testng.SuiteRunnerWorker.run(SuiteRunnerWorker.java:96)
at org.testng.TestNG.runSuitesSequentially(TestNG.java:1180)
at org.testng.TestNG.runSuitesLocally(TestNG.java:1102)
at org.testng.TestNG.runSuites(TestNG.java:1032)
at org.testng.TestNG.run(TestNG.java:1000)
at org.testng.remote.AbstractRemoteTestNG.run(AbstractRemoteTestNG.java:115)
at org.testng.remote.RemoteTestNG.initAndRun(RemoteTestNG.java:251)
at org.testng.remote.RemoteTestNG.main(RemoteTestNG.java:77)
]]>
            </full-stacktrace>
          </exception> <!-- java.lang.AssertionError -->
          <reporter-output>
          </reporter-output>
        </test-method> <!-- verifyCartAfterRemovingProduct -->
        <test-method status="PASS" signature="teardown()[pri:0, instance:com.jcpenney.testcases.JcPenneyTest@1f7030a6]" name="teardown" is-config="true" duration-ms="983" started-at="2020-09-01T18:02:58 CDT" finished-at="2020-09-01T18:02:59 CDT">
          <reporter-output>
          </reporter-output>
        </test-method> <!-- teardown -->
        <test-method status="PASS" signature="afterSuite()[pri:0, instance:com.jcpenney.testcases.JcPenneyTest@1f7030a6]" name="afterSuite" is-config="true" duration-ms="565" started-at="2020-09-01T18:02:59 CDT" finished-at="2020-09-01T18:02:59 CDT">
          <reporter-output>
          </reporter-output>
        </test-method> <!-- afterSuite -->
      </class> <!-- com.jcpenney.testcases.JcPenneyTest -->
    </test> <!-- JCPenneyRegressionTest -->
  </suite> <!-- JCPenneyTest -->
</testng-results>
