<?xml version="1.0" encoding="UTF-8"?>
<!-- Generated by org.testng.reporters.JUnitReportReporter -->
<testsuite skipped="0" hostname="LAPTOP-5RVADTCV" name="com.jcpenny.testcases.JcPennyTest" tests="10" failures="1" timestamp="25 Aug 2020 20:19:26 GMT" time="40.610" errors="0">
  <testcase name="verifyHomePageTitle" time="1.027" classname="com.jcpenny.testcases.JcPennyTest"/>
  <testcase name="verifyLogo" time="1.635" classname="com.jcpenny.testcases.JcPennyTest"/>
  <testcase name="verifyLogoColor" time="0.252" classname="com.jcpenny.testcases.JcPennyTest"/>
  <testcase name="verifyLogoFontSize" time="0.139" classname="com.jcpenny.testcases.JcPennyTest"/>
  <testcase name="verifyLogoFontFamily" time="0.057" classname="com.jcpenny.testcases.JcPennyTest"/>
  <testcase name="navigateToHomeElectronicsPage" time="4.004" classname="com.jcpenny.testcases.JcPennyTest"/>
  <testcase name="navigateToKidsElectronicsPage" time="3.051" classname="com.jcpenny.testcases.JcPennyTest"/>
  <testcase name="SelectAProductAndVerify" time="6.160" classname="com.jcpenny.testcases.JcPennyTest"/>
  <testcase name="verifyProductInCart" time="19.715" classname="com.jcpenny.testcases.JcPennyTest"/>
  <testcase name="verifyCartAfterRemovingProduct" time="4.570" classname="com.jcpenny.testcases.JcPennyTest">
    <failure type="java.lang.AssertionError" message="expected [Start with an Empty Cart] but found [Start with an Empty Cart, Finish in Style]">
      <![CDATA[java.lang.AssertionError: expected [Start with an Empty Cart] but found [Start with an Empty Cart, Finish in Style]
at org.testng.Assert.fail(Assert.java:96)
at org.testng.Assert.failNotEquals(Assert.java:776)
at org.testng.Assert.assertEqualsImpl(Assert.java:137)
at org.testng.Assert.assertEquals(Assert.java:118)
at org.testng.Assert.assertEquals(Assert.java:453)
at org.testng.Assert.assertEquals(Assert.java:463)
at com.jcpenny.testcases.JcPennyTest.verifyCartAfterRemovingProduct(JcPennyTest.java:135)
at sun.reflect.NativeMethodAccessorImpl.invoke0(Native Method)
at sun.reflect.NativeMethodAccessorImpl.invoke(NativeMethodAccessorImpl.java:62)
at sun.reflect.DelegatingMethodAccessorImpl.invoke(DelegatingMethodAccessorImpl.java:43)
at java.lang.reflect.Method.invoke(Method.java:498)
at org.testng.internal.MethodInvocationHelper.invokeMethod(MethodInvocationHelper.java:124)
at org.testng.internal.Invoker.invokeMethod(Invoker.java:583)
at org.testng.internal.Invoker.invokeTestMethod(Invoker.java:719)
at org.testng.internal.Invoker.invokeTestMethods(Invoker.java:989)
at org.testng.internal.TestMethodWorker.invokeTestMethods(TestMethodWorker.java:125)
at org.testng.internal.TestMethodWorker.run(TestMethodWorker.java:109)
at org.testng.TestRunner.privateRun(TestRunner.java:648)
at org.testng.TestRunner.run(TestRunner.java:505)
at org.testng.SuiteRunner.runTest(SuiteRunner.java:455)
at org.testng.SuiteRunner.runSequentially(SuiteRunner.java:450)
at org.testng.SuiteRunner.privateRun(SuiteRunner.java:415)
at org.testng.SuiteRunner.run(SuiteRunner.java:364)
at org.testng.SuiteRunnerWorker.runSuite(SuiteRunnerWorker.java:52)
at org.testng.SuiteRunnerWorker.run(SuiteRunnerWorker.java:84)
at org.testng.TestNG.runSuitesSequentially(TestNG.java:1208)
at org.testng.TestNG.runSuitesLocally(TestNG.java:1137)
at org.testng.TestNG.runSuites(TestNG.java:1049)
at org.testng.TestNG.run(TestNG.java:1017)
at org.apache.maven.surefire.testng.TestNGExecutor.run(TestNGExecutor.java:77)
at org.apache.maven.surefire.testng.TestNGDirectoryTestSuite.execute(TestNGDirectoryTestSuite.java:110)
at org.apache.maven.surefire.testng.TestNGProvider.invoke(TestNGProvider.java:106)
at sun.reflect.NativeMethodAccessorImpl.invoke0(Native Method)
at sun.reflect.NativeMethodAccessorImpl.invoke(NativeMethodAccessorImpl.java:62)
at sun.reflect.DelegatingMethodAccessorImpl.invoke(DelegatingMethodAccessorImpl.java:43)
at java.lang.reflect.Method.invoke(Method.java:498)
at org.apache.maven.surefire.util.ReflectionUtils.invokeMethodWithArray(ReflectionUtils.java:189)
at org.apache.maven.surefire.booter.ProviderFactory$ProviderProxy.invoke(ProviderFactory.java:165)
at org.apache.maven.surefire.booter.ProviderFactory.invokeProvider(ProviderFactory.java:85)
at org.apache.maven.surefire.booter.ForkedBooter.runSuitesInProcess(ForkedBooter.java:115)
at org.apache.maven.surefire.booter.ForkedBooter.main(ForkedBooter.java:75)
]]>
    </failure>
  </testcase> <!-- verifyCartAfterRemovingProduct -->
</testsuite> <!-- com.jcpenny.testcases.JcPennyTest -->
