<?xml version="1.0" encoding="UTF-8"?>
<!-- Generated by org.testng.reporters.JUnitXMLReporter -->
<testsuite hostname="LAPTOP-5RVADTCV" ignored="0" name="Command line test" tests="10" failures="1" timestamp="25 Aug 2020 20:19:25 GMT" time="49.799" errors="0">
  <testcase name="verifyHomePageTitle" time="1.027" classname="com.jcpenny.testcases.JcPennyTest"/>
  <testcase name="verifyLogo" time="1.635" classname="com.jcpenny.testcases.JcPennyTest"/>
  <testcase name="verifyLogoColor" time="0.252" classname="com.jcpenny.testcases.JcPennyTest"/>
  <testcase name="verifyLogoFontSize" time="0.139" classname="com.jcpenny.testcases.JcPennyTest"/>
  <testcase name="verifyLogoFontFamily" time="0.057" classname="com.jcpenny.testcases.JcPennyTest"/>
  <testcase name="navigateToHomeElectronicsPage" time="4.004" classname="com.jcpenny.testcases.JcPennyTest"/>
  <testcase name="navigateToKidsElectronicsPage" time="3.051" classname="com.jcpenny.testcases.JcPennyTest"/>
  <testcase name="SelectAProductAndVerify" time="6.16" classname="com.jcpenny.testcases.JcPennyTest"/>
  <testcase name="verifyProductInCart" time="19.715" classname="com.jcpenny.testcases.JcPennyTest"/>
  <testcase name="verifyCartAfterRemovingProduct" time="4.57" classname="com.jcpenny.testcases.JcPennyTest">
    <failure type="java.lang.AssertionError" message="expected [Start with an Empty Cart] but found [Start with an Empty Cart, Finish in Style]">
      <![CDATA[java.lang.AssertionError: expected [Start with an Empty Cart] but found [Start with an Empty Cart, Finish in Style]
at com.jcpenny.testcases.JcPennyTest.verifyCartAfterRemovingProduct(JcPennyTest.java:135)
... Removed 40 stack frames]]>
    </failure>
  </testcase> <!-- verifyCartAfterRemovingProduct -->
</testsuite> <!-- Command line test -->
